{
  "timestamp": "2025-07-28T17:36:12.129073",
  "total_duration": 12.988712072372437,
  "test_results": [
    {
      "name": "Unit Tests",
      "status": "\u2705 PASS",
      "duration": 0.15298247337341309,
      "total_tests": 25,
      "failures": 0,
      "errors": 0,
      "success_rate": 100.0,
      "output": "\u274c Test message\n\u274c B\u0142\u0105d w test: Test error\n\u274c Test message\n\ud83d\udd27 Starting simplified self-modification...\n\ud83d\udcca Found 9 Python files to analyze\n   \ud83d\udcc4 ./self_modify.py: 114 lines\n   \ud83d\udcc4 ./llm_interface.py: 124 lines\n   \ud83d\udcc4 ./error_handler.py: 216 lines\n   \ud83d\udcc4 ./logs.py: 154 lines\n   \ud83d\udcc4 ./run_tests.py: 303 lines\n   \ud83d\udcc4 ./modern_gui.py: 529 lines\n   \ud83d\udcc4 ./main.py: 280 lines\n   \ud83d\udcc4 ./memory.py: 109 lines\n   \ud83d\udcc4 ./test/run_all_tests.py: 269 lines\n\n\ud83d\udcc8 Total lines of code: 2098\n\u2705 Self-modification analysis complete\n\u2139\ufe0f Code analysis completed: 9 files, 2098 lines\n\ud83d\ude80 AutoGPT 0.4.1-simplified - Simplified AI Assistant\n============================================================\n\n============================================================\nUNIT TEST SUMMARY\n============================================================\nTests run: 25\nFailures: 0\nErrors: 0\nSuccess rate: 100.0%\n",
      "error_output": "test_error_handler_init (__main__.TestErrorHandler.test_error_handler_init)\nTest ErrorHandler initialization ... ok\ntest_error_levels (__main__.TestErrorHandler.test_error_levels)\nTest all error levels ... ok\ntest_log_error (__main__.TestErrorHandler.test_log_error)\nTest error logging functionality ... 2025-07-28 17:35:59,198 - ERROR - Test context: Test error\nok\ntest_safe_execute_decorator (__main__.TestErrorHandler.test_safe_execute_decorator)\nTest safe_execute decorator ... 2025-07-28 17:35:59,199 - ERROR - test: Test error\nok\ntest_session_summary (__main__.TestErrorHandler.test_session_summary)\nTest session summary functionality ... 2025-07-28 17:35:59,200 - ERROR - Test context: Test error\nok\ntest_ask_local_llm (__main__.TestLLMInterface.test_ask_local_llm)\nTest LLM interaction (mocked) ... ok\ntest_available_models (__main__.TestLLMInterface.test_available_models)\nTest available models list ... ok\ntest_dynamic_timeout (__main__.TestLLMInterface.test_dynamic_timeout)\nTest dynamic timeout calculation ... ok\ntest_model_operations (__main__.TestLLMInterface.test_model_operations)\nTest model get/set operations ... ok\ntest_forget_fact (__main__.TestMemory.test_forget_fact)\nTest fact forgetting ... ok\ntest_load_save_memory (__main__.TestMemory.test_load_save_memory)\nTest memory load/save operations ... ok\ntest_process_memory_prompt (__main__.TestMemory.test_process_memory_prompt)\nTest memory prompt processing ... ok\ntest_recall_fact (__main__.TestMemory.test_recall_fact)\nTest fact recall ... ok\ntest_remember_fact (__main__.TestMemory.test_remember_fact)\nTest fact remembering ... ok\ntest_available_models_constant (__main__.TestLogs.test_available_models_constant)\nTest available models constant in logs ... ok\ntest_log_event (__main__.TestLogs.test_log_event)\nTest event logging ... ok\ntest_log_formatting (__main__.TestLogs.test_log_formatting)\nTest log formatting function ... ok\ntest_self_modify_execution (__main__.TestSelfModify.test_self_modify_execution)\nTest self-modification execution (basic test) ... 2025-07-28 17:35:59,264 - INFO - Self modification: None\nok\ntest_self_modify_function_exists (__main__.TestSelfModify.test_self_modify_function_exists)\nTest that self-modification function exists ... ok\ntest_available_models (__main__.TestMainModule.test_available_models)\nTest available models constant ... ok\ntest_main_interactive_functions (__main__.TestMainModule.test_main_interactive_functions)\nTest main module interactive functions ... ok\ntest_memory_integration_in_main (__main__.TestMainModule.test_memory_integration_in_main)\nTest memory integration in main module ... ok\ntest_simple_llm_process (__main__.TestMainModule.test_simple_llm_process)\nTest simple LLM processing ... ok\ntest_simple_log_to_file (__main__.TestMainModule.test_simple_log_to_file)\nTest simple file logging ... ok\ntest_version_string (__main__.TestMainModule.test_version_string)\nTest version string constant ... ok\n\n----------------------------------------------------------------------\nRan 25 tests in 0.070s\n\nOK\n",
      "return_code": 0
    },
    {
      "name": "Integration Tests",
      "status": "\u274c FAIL",
      "duration": 0.4265470504760742,
      "total_tests": 0,
      "failures": 0,
      "errors": 0,
      "success_rate": 0,
      "output": "",
      "error_output": "test_error_handler_llm_integration (__main__.TestModuleIntegration.test_error_handler_llm_integration)\nTest error handler integration with LLM interface ... ok\ntest_main_gui_integration (__main__.TestModuleIntegration.test_main_gui_integration)\nTest main module integration with GUI components ... ok\ntest_memory_logging_integration (__main__.TestModuleIntegration.test_memory_logging_integration)\nTest memory system integration with logging ... ok\ntest_self_modify_error_handling_integration (__main__.TestModuleIntegration.test_self_modify_error_handling_integration)\nTest self-modify integration with error handling ... ok\ntest_error_handling_workflow (__main__.TestEndToEndWorkflows.test_error_handling_workflow)\nTest complete error handling workflow ... 2025-07-28 17:35:59,419 - ERROR - test_context: Test error\n2025-07-28 17:35:59,419 - WARNING - Manual error context: Manual test error\nok\ntest_llm_interaction_workflow (__main__.TestEndToEndWorkflows.test_llm_interaction_workflow)\nTest complete LLM interaction workflow ... ok\ntest_logging_workflow (__main__.TestEndToEndWorkflows.test_logging_workflow)\nTest complete logging workflow ... ok\ntest_memory_workflow (__main__.TestEndToEndWorkflows.test_memory_workflow)\nTest complete memory management workflow ... ok\ntest_gui_imports (__main__.TestGUIIntegration.test_gui_imports)\nTest that GUI can be imported without errors ... ok\ntest_gui_initialization (__main__.TestGUIIntegration.test_gui_initialization)\nTest GUI initialization without showing window ... QWidget: Must construct a QApplication before a QWidget\n",
      "return_code": -6
    },
    {
      "name": "Functional Tests",
      "status": "\u274c FAIL",
      "duration": 10.45011591911316,
      "total_tests": 0,
      "failures": 0,
      "errors": 0,
      "success_rate": 0,
      "output": "",
      "error_output": "test_interactive_commands (__main__.TestCLIFunctionality.test_interactive_commands)\nTest interactive command processing ... FAIL\ntest_main_script_execution (__main__.TestCLIFunctionality.test_main_script_execution)\nTest that main.py can be executed ... ok\ntest_gui_component_functionality (__main__.TestGUIFunctionality.test_gui_component_functionality)\nTest GUI component functionality ... QWidget: Must construct a QApplication before a QWidget\n",
      "return_code": -6
    },
    {
      "name": "Regression Tests",
      "status": "\u274c FAIL",
      "duration": 0.4111053943634033,
      "total_tests": 14,
      "failures": 0,
      "errors": 0,
      "success_rate": 92.9,
      "output": "\ud83d\ude80 AutoGPT 0.4.1-simplified - Simplified AI Assistant\n============================================================\n\u274c B\u0142\u0105d w integrity_test: Simulated error\n\n============================================================\nREGRESSION TEST SUMMARY\n============================================================\nTests run: 14\nFailures: 0\nErrors: 1\nSuccess rate: 92.9%\n\n\u274c ERRORS DETECTED:\n   - test_error_handler_interface_consistency (__main__.TestInterfaceConsistency.test_error_handler_interface_consistency): ImportError: cannot import name 'validate_file_path' from 'error_handler' (/home/runner/work/Jarvis-V0.19/Jarvis-V0.19/error_handler.py)\n",
      "error_output": "test_no_complex_archive_system (__main__.TestHistoricalBugFixes.test_no_complex_archive_system)\nRegression: Complex archive system should be removed ... ok\ntest_no_langchain_dependencies (__main__.TestHistoricalBugFixes.test_no_langchain_dependencies)\nRegression: Langchain dependencies should be completely removed ... ok\ntest_no_memory_leaks_in_gui (__main__.TestHistoricalBugFixes.test_no_memory_leaks_in_gui)\nRegression: GUI should not have memory leaks from parent-child issues ... ok\ntest_no_qtextcursor_threading_errors (__main__.TestHistoricalBugFixes.test_no_qtextcursor_threading_errors)\nRegression: QTextCursor threading errors should not occur ... ok\ntest_no_unknown_property_transform_errors (__main__.TestHistoricalBugFixes.test_no_unknown_property_transform_errors)\nRegression: 'Unknown property transform' CSS errors should not occur ... ok\ntest_error_handler_interface_consistency (__main__.TestInterfaceConsistency.test_error_handler_interface_consistency)\nTest error handler interface maintains expected API ... ERROR\ntest_llm_interface_consistency (__main__.TestInterfaceConsistency.test_llm_interface_consistency)\nTest LLM interface maintains expected API ... ok\ntest_memory_interface_consistency (__main__.TestInterfaceConsistency.test_memory_interface_consistency)\nTest memory interface maintains expected API ... ok\ntest_error_handling_data_integrity (__main__.TestDataIntegrity.test_error_handling_data_integrity)\nTest that error handling preserves data integrity ... 2025-07-28 17:36:10,426 - ERROR - integrity_test: Simulated error\nok\ntest_log_data_integrity (__main__.TestDataIntegrity.test_log_data_integrity)\nTest that log data maintains integrity ... ok\ntest_memory_data_integrity (__main__.TestDataIntegrity.test_memory_data_integrity)\nTest that memory data remains intact through operations ... ok\ntest_llm_interface_performance (__main__.TestPerformanceRegression.test_llm_interface_performance)\nTest that LLM interface operations are reasonably fast ... ok\ntest_log_operation_performance (__main__.TestPerformanceRegression.test_log_operation_performance)\nTest that logging operations are reasonably fast ... ok\ntest_memory_operation_performance (__main__.TestPerformanceRegression.test_memory_operation_performance)\nTest that memory operations are reasonably fast ... ok\n\n======================================================================\nERROR: test_error_handler_interface_consistency (__main__.TestInterfaceConsistency.test_error_handler_interface_consistency)\nTest error handler interface maintains expected API\n----------------------------------------------------------------------\nTraceback (most recent call last):\n  File \"/home/runner/work/Jarvis-V0.19/Jarvis-V0.19/test/test_regression_comprehensive.py\", line 202, in test_error_handler_interface_consistency\n    from error_handler import (\nImportError: cannot import name 'validate_file_path' from 'error_handler' (/home/runner/work/Jarvis-V0.19/Jarvis-V0.19/error_handler.py)\n\n----------------------------------------------------------------------\nRan 14 tests in 0.292s\n\nFAILED (errors=1)\n",
      "return_code": 1
    },
    {
      "name": "Performance Tests",
      "status": "\u2705 PASS",
      "duration": 1.5452101230621338,
      "total_tests": 11,
      "failures": 0,
      "errors": 0,
      "success_rate": 100.0,
      "output": "\n\ud83d\udcbe Memory Performance Metrics:\n   Remember: 0.525s (951.9 ops/sec)\n   Recall:   0.123s (4062.5 ops/sec)\n   Forget:   0.269s (928.8 ops/sec)\n\n\ud83d\udd04 Concurrent Memory Performance:\n   Avg Remember: 0.0039s\n   Avg Recall:   0.0008s\n   Size 100: Remember 0.001s, Recall 0.000s\n   Size 1000: Remember 0.001s, Recall 0.000s\n   Size 5000: Remember 0.001s, Recall 0.000s\n   Size 10000: Remember 0.001s, Recall 0.000s\n\n\ud83d\udcdd Logging Performance Metrics:\n   Logging:   0.083s (12000.5 events/sec)\n   Retrieval: 0.026s\n   Total logs: 1000\n\n\ud83d\udd04 Concurrent Logging Performance:\n   Avg Log Time: 0.0006s\n   Total Events: 400\n   Size 1000: 0.0001s\n   Size 5000: 0.0001s\n   Size 10000: 0.0001s\n   Size 20000: 0.0002s\n\ud83d\ude80 AutoGPT 0.4.1-simplified - Simplified AI Assistant\n============================================================\n\n\ud83e\udd16 LLM Interface Performance:\n   Direct calls:    0.0000s avg\n   Processed calls: 0.0000s avg\n\n\ud83d\udd04 Model Switching Performance:\n   Avg Switch Time: 0.0000s\n\u26a0\ufe0f Performance test message 0\n\u26a0\ufe0f Performance test message 1\n\u26a0\ufe0f Performance test message 2\n\u26a0\ufe0f Performance test message 3\n\u26a0\ufe0f Performance test message 4\n\u26a0\ufe0f Performance test message 5\n\u26a0\ufe0f Performance test message 6\n\u26a0\ufe0f Performance test message 7\n\u26a0\ufe0f Performance test message 8\n\u26a0\ufe0f Performance test message 9\n\u26a0\ufe0f Performance test message 10\n\u26a0\ufe0f Performance test message 11\n\u26a0\ufe0f Performance test message 12\n\u26a0\ufe0f Performance test message 13\n\u26a0\ufe0f Performance test message 14\n\u26a0\ufe0f Performance test message 15\n\u26a0\ufe0f Performance test message 16\n\u26a0\ufe0f Performance test message 17\n\u26a0\ufe0f Performance test message 18\n\u26a0\ufe0f Performance test message 19\n\u26a0\ufe0f Performance test message 20\n\u26a0\ufe0f Performance test message 21\n\u26a0\ufe0f Performance test message 22\n\u26a0\ufe0f Performance test message 23\n\u26a0\ufe0f Performance test message 24\n\u26a0\ufe0f Performance test message 25\n\u26a0\ufe0f Performance test message 26\n\u26a0\ufe0f Performance test message 27\n\u26a0\ufe0f Performance test message 28\n\u26a0\ufe0f Performance test message 29\n\u26a0\ufe0f Performance test message 30\n\u26a0\ufe0f Performance test message 31\n\u26a0\ufe0f Performance test message 32\n\u26a0\ufe0f Performance test message 33\n\u26a0\ufe0f Performance test message 34\n\u26a0\ufe0f Performance test message 35\n\u26a0\ufe0f Performance test message 36\n\u26a0\ufe0f Performance test message 37\n\u26a0\ufe0f Performance test message 38\n\u26a0\ufe0f Performance test message 39\n\u26a0\ufe0f Performance test message 40\n\u26a0\ufe0f Performance test message 41\n\u26a0\ufe0f Performance test message 42\n\u26a0\ufe0f Performance test message 43\n\u26a0\ufe0f Performance test message 44\n\u26a0\ufe0f Performance test message 45\n\u26a0\ufe0f Performance test message 46\n\u26a0\ufe0f Performance test message 47\n\u26a0\ufe0f Performance test message 48\n\u26a0\ufe0f Performance test message 49\n\u26a0\ufe0f Performance test message 50\n\u26a0\ufe0f Performance test message 51\n\u26a0\ufe0f Performance test message 52\n\u26a0\ufe0f Performance test message 53\n\u26a0\ufe0f Performance test message 54\n\u26a0\ufe0f Performance test message 55\n\u26a0\ufe0f Performance test message 56\n\u26a0\ufe0f Performance test message 57\n\u26a0\ufe0f Performance test message 58\n\u26a0\ufe0f Performance test message 59\n\u26a0\ufe0f Performance test message 60\n\u26a0\ufe0f Performance test message 61\n\u26a0\ufe0f Performance test message 62\n\u26a0\ufe0f Performance test message 63\n\u26a0\ufe0f Performance test message 64\n\u26a0\ufe0f Performance test message 65\n\u26a0\ufe0f Performance test message 66\n\u26a0\ufe0f Performance test message 67\n\u26a0\ufe0f Performance test message 68\n\u26a0\ufe0f Performance test message 69\n\u26a0\ufe0f Performance test message 70\n\u26a0\ufe0f Performance test message 71\n\u26a0\ufe0f Performance test message 72\n\u26a0\ufe0f Performance test message 73\n\u26a0\ufe0f Performance test message 74\n\u26a0\ufe0f Performance test message 75\n\u26a0\ufe0f Performance test message 76\n\u26a0\ufe0f Performance test message 77\n\u26a0\ufe0f Performance test message 78\n\u26a0\ufe0f Performance test message 79\n\u26a0\ufe0f Performance test message 80\n\u26a0\ufe0f Performance test message 81\n\u26a0\ufe0f Performance test message 82\n\u26a0\ufe0f Performance test message 83\n\u26a0\ufe0f Performance test message 84\n\u26a0\ufe0f Performance test message 85\n\u26a0\ufe0f Performance test message 86\n\u26a0\ufe0f Performance test message 87\n\u26a0\ufe0f Performance test message 88\n\u26a0\ufe0f Performance test message 89\n\u26a0\ufe0f Performance test message 90\n\u26a0\ufe0f Performance test message 91\n\u26a0\ufe0f Performance test message 92\n\u26a0\ufe0f Performance test message 93\n\u26a0\ufe0f Performance test message 94\n\u26a0\ufe0f Performance test message 95\n\u26a0\ufe0f Performance test message 96\n\u26a0\ufe0f Performance test message 97\n\u26a0\ufe0f Performance test message 98\n\u26a0\ufe0f Performance test message 99\n\u26a0\ufe0f Performance test message 100\n\u26a0\ufe0f Performance test message 101\n\u26a0\ufe0f Performance test message 102\n\u26a0\ufe0f Performance test message 103\n\u26a0\ufe0f Performance test message 104\n\u26a0\ufe0f Performance test message 105\n\u26a0\ufe0f Performance test message 106\n\u26a0\ufe0f Performance test message 107\n\u26a0\ufe0f Performance test message 108\n\u26a0\ufe0f Performance test message 109\n\u26a0\ufe0f Performance test message 110\n\u26a0\ufe0f Performance test message 111\n\u26a0\ufe0f Performance test message 112\n\u26a0\ufe0f Performance test message 113\n\u26a0\ufe0f Performance test message 114\n\u26a0\ufe0f Performance test message 115\n\u26a0\ufe0f Performance test message 116\n\u26a0\ufe0f Performance test message 117\n\u26a0\ufe0f Performance test message 118\n\u26a0\ufe0f Performance test message 119\n\u26a0\ufe0f Performance test message 120\n\u26a0\ufe0f Performance test message 121\n\u26a0\ufe0f Performance test message 122\n\u26a0\ufe0f Performance test message 123\n\u26a0\ufe0f Performance test message 124\n\u26a0\ufe0f Performance test message 125\n\u26a0\ufe0f Performance test message 126\n\u26a0\ufe0f Performance test message 127\n\u26a0\ufe0f Performance test message 128\n\u26a0\ufe0f Performance test message 129\n\u26a0\ufe0f Performance test message 130\n\u26a0\ufe0f Performance test message 131\n\u26a0\ufe0f Performance test message 132\n\u26a0\ufe0f Performance test message 133\n\u26a0\ufe0f Performance test message 134\n\u26a0\ufe0f Performance test message 135\n\u26a0\ufe0f Performance test message 136\n\u26a0\ufe0f Performance test message 137\n\u26a0\ufe0f Performance test message 138\n\u26a0\ufe0f Performance test message 139\n\u26a0\ufe0f Performance test message 140\n\u26a0\ufe0f Performance test message 141\n\u26a0\ufe0f Performance test message 142\n\u26a0\ufe0f Performance test message 143\n\u26a0\ufe0f Performance test message 144\n\u26a0\ufe0f Performance test message 145\n\u26a0\ufe0f Performance test message 146\n\u26a0\ufe0f Performance test message 147\n\u26a0\ufe0f Performance test message 148\n\u26a0\ufe0f Performance test message 149\n\u26a0\ufe0f Performance test message 150\n\u26a0\ufe0f Performance test message 151\n\u26a0\ufe0f Performance test message 152\n\u26a0\ufe0f Performance test message 153\n\u26a0\ufe0f Performance test message 154\n\u26a0\ufe0f Performance test message 155\n\u26a0\ufe0f Performance test message 156\n\u26a0\ufe0f Performance test message 157\n\u26a0\ufe0f Performance test message 158\n\u26a0\ufe0f Performance test message 159\n\u26a0\ufe0f Performance test message 160\n\u26a0\ufe0f Performance test message 161\n\u26a0\ufe0f Performance test message 162\n\u26a0\ufe0f Performance test message 163\n\u26a0\ufe0f Performance test message 164\n\u26a0\ufe0f Performance test message 165\n\u26a0\ufe0f Performance test message 166\n\u26a0\ufe0f Performance test message 167\n\u26a0\ufe0f Performance test message 168\n\u26a0\ufe0f Performance test message 169\n\u26a0\ufe0f Performance test message 170\n\u26a0\ufe0f Performance test message 171\n\u26a0\ufe0f Performance test message 172\n\u26a0\ufe0f Performance test message 173\n\u26a0\ufe0f Performance test message 174\n\u26a0\ufe0f Performance test message 175\n\u26a0\ufe0f Performance test message 176\n\u26a0\ufe0f Performance test message 177\n\u26a0\ufe0f Performance test message 178\n\u26a0\ufe0f Performance test message 179\n\u26a0\ufe0f Performance test message 180\n\u26a0\ufe0f Performance test message 181\n\u26a0\ufe0f Performance test message 182\n\u26a0\ufe0f Performance test message 183\n\u26a0\ufe0f Performance test message 184\n\u26a0\ufe0f Performance test message 185\n\u26a0\ufe0f Performance test message 186\n\u26a0\ufe0f Performance test message 187\n\u26a0\ufe0f Performance test message 188\n\u26a0\ufe0f Performance test message 189\n\u26a0\ufe0f Performance test message 190\n\u26a0\ufe0f Performance test message 191\n\u26a0\ufe0f Performance test message 192\n\u26a0\ufe0f Performance test message 193\n\u26a0\ufe0f Performance test message 194\n\u26a0\ufe0f Performance test message 195\n\u26a0\ufe0f Performance test message 196\n\u26a0\ufe0f Performance test message 197\n\u26a0\ufe0f Performance test message 198\n\u26a0\ufe0f Performance test message 199\n\n\u26a0\ufe0f  Error Logging Performance:\n   Avg Log Time: 0.0001s\n   Total Time:   0.018s for 200 errors\n   Rate:         11313.3 errors/sec\n\u274c B\u0142\u0105d w performance_test: Test error\n\u274c B\u0142\u0105d w performance_test: Test error\n\u274c B\u0142\u0105d w performance_test: Test error\n\u274c B\u0142\u0105d w performance_test: Test error\n\u274c B\u0142\u0105d w performance_test: Test error\n\u274c B\u0142\u0105d w performance_test: Test error\n\u274c B\u0142\u0105d w performance_test: Test error\n\u274c B\u0142\u0105d w performance_test: Test error\n\u274c B\u0142\u0105d w performance_test: Test error\n\u274c B\u0142\u0105d w performance_test: Test error\n\u274c B\u0142\u0105d w performance_test: Test error\n\u274c B\u0142\u0105d w performance_test: Test error\n\u274c B\u0142\u0105d w performance_test: Test error\n\u274c B\u0142\u0105d w performance_test: Test error\n\u274c B\u0142\u0105d w performance_test: Test error\n\u274c B\u0142\u0105d w performance_test: Test error\n\u274c B\u0142\u0105d w performance_test: Test error\n\u274c B\u0142\u0105d w performance_test: Test error\n\u274c B\u0142\u0105d w performance_test: Test error\n\u274c B\u0142\u0105d w performance_test: Test error\n\u274c B\u0142\u0105d w performance_test: Test error\n\u274c B\u0142\u0105d w performance_test: Test error\n\u274c B\u0142\u0105d w performance_test: Test error\n\u274c B\u0142\u0105d w performance_test: Test error\n\u274c B\u0142\u0105d w performance_test: Test error\n\u274c B\u0142\u0105d w performance_test: Test error\n\u274c B\u0142\u0105d w performance_test: Test error\n\u274c B\u0142\u0105d w performance_test: Test error\n\u274c B\u0142\u0105d w performance_test: Test error\n\u274c B\u0142\u0105d w performance_test: Test error\n\u274c B\u0142\u0105d w performance_test: Test error\n\u274c B\u0142\u0105d w performance_test: Test error\n\u274c B\u0142\u0105d w performance_test: Test error\n\u274c B\u0142\u0105d w performance_test: Test error\n\u274c B\u0142\u0105d w performance_test: Test error\n\u274c B\u0142\u0105d w performance_test: Test error\n\u274c B\u0142\u0105d w performance_test: Test error\n\u274c B\u0142\u0105d w performance_test: Test error\n\u274c B\u0142\u0105d w performance_test: Test error\n\u274c B\u0142\u0105d w performance_test: Test error\n\u274c B\u0142\u0105d w performance_test: Test error\n\u274c B\u0142\u0105d w performance_test: Test error\n\u274c B\u0142\u0105d w performance_test: Test error\n\u274c B\u0142\u0105d w performance_test: Test error\n\u274c B\u0142\u0105d w performance_test: Test error\n\u274c B\u0142\u0105d w performance_test: Test error\n\u274c B\u0142\u0105d w performance_test: Test error\n\u274c B\u0142\u0105d w performance_test: Test error\n\u274c B\u0142\u0105d w performance_test: Test error\n\u274c B\u0142\u0105d w performance_test: Test error\n\u274c B\u0142\u0105d w performance_test: Test error\n\u274c B\u0142\u0105d w performance_test: Test error\n\u274c B\u0142\u0105d w performance_test: Test error\n\u274c B\u0142\u0105d w performance_test: Test error\n\u274c B\u0142\u0105d w performance_test: Test error\n\u274c B\u0142\u0105d w performance_test: Test error\n\u274c B\u0142\u0105d w performance_test: Test error\n\u274c B\u0142\u0105d w performance_test: Test error\n\u274c B\u0142\u0105d w performance_test: Test error\n\u274c B\u0142\u0105d w performance_test: Test error\n\u274c B\u0142\u0105d w performance_test: Test error\n\u274c B\u0142\u0105d w performance_test: Test error\n\u274c B\u0142\u0105d w performance_test: Test error\n\u274c B\u0142\u0105d w performance_test: Test error\n\u274c B\u0142\u0105d w performance_test: Test error\n\u274c B\u0142\u0105d w performance_test: Test error\n\u274c B\u0142\u0105d w performance_test: Test error\n\u274c B\u0142\u0105d w performance_test: Test error\n\u274c B\u0142\u0105d w performance_test: Test error\n\u274c B\u0142\u0105d w performance_test: Test error\n\u274c B\u0142\u0105d w performance_test: Test error\n\u274c B\u0142\u0105d w performance_test: Test error\n\u274c B\u0142\u0105d w performance_test: Test error\n\u274c B\u0142\u0105d w performance_test: Test error\n\u274c B\u0142\u0105d w performance_test: Test error\n\u274c B\u0142\u0105d w performance_test: Test error\n\u274c B\u0142\u0105d w performance_test: Test error\n\u274c B\u0142\u0105d w performance_test: Test error\n\u274c B\u0142\u0105d w performance_test: Test error\n\u274c B\u0142\u0105d w performance_test: Test error\n\u274c B\u0142\u0105d w performance_test: Test error\n\u274c B\u0142\u0105d w performance_test: Test error\n\u274c B\u0142\u0105d w performance_test: Test error\n\u274c B\u0142\u0105d w performance_test: Test error\n\u274c B\u0142\u0105d w performance_test: Test error\n\u274c B\u0142\u0105d w performance_test: Test error\n\u274c B\u0142\u0105d w performance_test: Test error\n\u274c B\u0142\u0105d w performance_test: Test error\n\u274c B\u0142\u0105d w performance_test: Test error\n\u274c B\u0142\u0105d w performance_test: Test error\n\u274c B\u0142\u0105d w performance_test: Test error\n\u274c B\u0142\u0105d w performance_test: Test error\n\u274c B\u0142\u0105d w performance_test: Test error\n\u274c B\u0142\u0105d w performance_test: Test error\n\u274c B\u0142\u0105d w performance_test: Test error\n\u274c B\u0142\u0105d w performance_test: Test error\n\u274c B\u0142\u0105d w performance_test: Test error\n\u274c B\u0142\u0105d w performance_test: Test error\n\u274c B\u0142\u0105d w performance_test: Test error\n\u274c B\u0142\u0105d w performance_test: Test error\n\n\ud83d\udee1\ufe0f  Safe Execute Performance:\n   Failing functions:    0.0002s avg\n   Successful functions: 0.0000s avg\n\n\ud83d\udd04 Complete Workflow Performance:\n   Avg Workflow Time: 0.002s\n   Operations per workflow: 4\n\n============================================================\nPERFORMANCE TEST SUMMARY\n============================================================\nTests run: 11\nFailures: 0\nErrors: 0\nSuccess rate: 100.0%\n",
      "error_output": "test_bulk_memory_operations (__main__.TestMemoryPerformance.test_bulk_memory_operations)\nTest performance with bulk memory operations ... ok\ntest_concurrent_memory_access (__main__.TestMemoryPerformance.test_concurrent_memory_access)\nTest memory performance under concurrent access ... ok\ntest_memory_size_limits (__main__.TestMemoryPerformance.test_memory_size_limits)\nTest memory performance with large data ... ok\ntest_bulk_logging_performance (__main__.TestLoggingPerformance.test_bulk_logging_performance)\nTest performance with bulk logging operations ... ok\ntest_concurrent_logging (__main__.TestLoggingPerformance.test_concurrent_logging)\nTest logging performance under concurrent access ... ok\ntest_large_event_logging (__main__.TestLoggingPerformance.test_large_event_logging)\nTest logging performance with large events ... ok\ntest_llm_call_performance (__main__.TestLLMInterfacePerformance.test_llm_call_performance)\nTest LLM interface call performance ... ok\ntest_model_switching_performance (__main__.TestLLMInterfacePerformance.test_model_switching_performance)\nTest model switching performance ... ok\ntest_error_logging_performance (__main__.TestErrorHandlingPerformance.test_error_logging_performance)\nTest error logging performance ... 2025-07-28 17:36:12,038 - WARNING - Performance test context 0: Performance test error 0\n2025-07-28 17:36:12,038 - WARNING - Performance test context 1: Performance test error 1\n2025-07-28 17:36:12,039 - WARNING - Performance test context 2: Performance test error 2\n2025-07-28 17:36:12,039 - WARNING - Performance test context 3: Performance test error 3\n2025-07-28 17:36:12,039 - WARNING - Performance test context 4: Performance test error 4\n2025-07-28 17:36:12,039 - WARNING - Performance test context 5: Performance test error 5\n2025-07-28 17:36:12,039 - WARNING - Performance test context 6: Performance test error 6\n2025-07-28 17:36:12,039 - WARNING - Performance test context 7: Performance test error 7\n2025-07-28 17:36:12,039 - WARNING - Performance test context 8: Performance test error 8\n2025-07-28 17:36:12,039 - WARNING - Performance test context 9: Performance test error 9\n2025-07-28 17:36:12,039 - WARNING - Performance test context 10: Performance test error 10\n2025-07-28 17:36:12,039 - WARNING - Performance test context 11: Performance test error 11\n2025-07-28 17:36:12,040 - WARNING - Performance test context 12: Performance test error 12\n2025-07-28 17:36:12,040 - WARNING - Performance test context 13: Performance test error 13\n2025-07-28 17:36:12,040 - WARNING - Performance test context 14: Performance test error 14\n2025-07-28 17:36:12,040 - WARNING - Performance test context 15: Performance test error 15\n2025-07-28 17:36:12,040 - WARNING - Performance test context 16: Performance test error 16\n2025-07-28 17:36:12,040 - WARNING - Performance test context 17: Performance test error 17\n2025-07-28 17:36:12,040 - WARNING - Performance test context 18: Performance test error 18\n2025-07-28 17:36:12,040 - WARNING - Performance test context 19: Performance test error 19\n2025-07-28 17:36:12,040 - WARNING - Performance test context 20: Performance test error 20\n2025-07-28 17:36:12,040 - WARNING - Performance test context 21: Performance test error 21\n2025-07-28 17:36:12,040 - WARNING - Performance test context 22: Performance test error 22\n2025-07-28 17:36:12,041 - WARNING - Performance test context 23: Performance test error 23\n2025-07-28 17:36:12,041 - WARNING - Performance test context 24: Performance test error 24\n2025-07-28 17:36:12,041 - WARNING - Performance test context 25: Performance test error 25\n2025-07-28 17:36:12,041 - WARNING - Performance test context 26: Performance test error 26\n2025-07-28 17:36:12,041 - WARNING - Performance test context 27: Performance test error 27\n2025-07-28 17:36:12,041 - WARNING - Performance test context 28: Performance test error 28\n2025-07-28 17:36:12,041 - WARNING - Performance test context 29: Performance test error 29\n2025-07-28 17:36:12,041 - WARNING - Performance test context 30: Performance test error 30\n2025-07-28 17:36:12,041 - WARNING - Performance test context 31: Performance test error 31\n2025-07-28 17:36:12,041 - WARNING - Performance test context 32: Performance test error 32\n2025-07-28 17:36:12,041 - WARNING - Performance test context 33: Performance test error 33\n2025-07-28 17:36:12,042 - WARNING - Performance test context 34: Performance test error 34\n2025-07-28 17:36:12,042 - WARNING - Performance test context 35: Performance test error 35\n2025-07-28 17:36:12,042 - WARNING - Performance test context 36: Performance test error 36\n2025-07-28 17:36:12,042 - WARNING - Performance test context 37: Performance test error 37\n2025-07-28 17:36:12,042 - WARNING - Performance test context 38: Performance test error 38\n2025-07-28 17:36:12,042 - WARNING - Performance test context 39: Performance test error 39\n2025-07-28 17:36:12,042 - WARNING - Performance test context 40: Performance test error 40\n2025-07-28 17:36:12,042 - WARNING - Performance test context 41: Performance test error 41\n2025-07-28 17:36:12,042 - WARNING - Performance test context 42: Performance test error 42\n2025-07-28 17:36:12,042 - WARNING - Performance test context 43: Performance test error 43\n2025-07-28 17:36:12,042 - WARNING - Performance test context 44: Performance test error 44\n2025-07-28 17:36:12,042 - WARNING - Performance test context 45: Performance test error 45\n2025-07-28 17:36:12,043 - WARNING - Performance test context 46: Performance test error 46\n2025-07-28 17:36:12,043 - WARNING - Performance test context 47: Performance test error 47\n2025-07-28 17:36:12,043 - WARNING - Performance test context 48: Performance test error 48\n2025-07-28 17:36:12,043 - WARNING - Performance test context 49: Performance test error 49\n2025-07-28 17:36:12,043 - WARNING - Performance test context 50: Performance test error 50\n2025-07-28 17:36:12,043 - WARNING - Performance test context 51: Performance test error 51\n2025-07-28 17:36:12,043 - WARNING - Performance test context 52: Performance test error 52\n2025-07-28 17:36:12,043 - WARNING - Performance test context 53: Performance test error 53\n2025-07-28 17:36:12,043 - WARNING - Performance test context 54: Performance test error 54\n2025-07-28 17:36:12,043 - WARNING - Performance test context 55: Performance test error 55\n2025-07-28 17:36:12,043 - WARNING - Performance test context 56: Performance test error 56\n2025-07-28 17:36:12,044 - WARNING - Performance test context 57: Performance test error 57\n2025-07-28 17:36:12,044 - WARNING - Performance test context 58: Performance test error 58\n2025-07-28 17:36:12,044 - WARNING - Performance test context 59: Performance test error 59\n2025-07-28 17:36:12,044 - WARNING - Performance test context 60: Performance test error 60\n2025-07-28 17:36:12,044 - WARNING - Performance test context 61: Performance test error 61\n2025-07-28 17:36:12,044 - WARNING - Performance test context 62: Performance test error 62\n2025-07-28 17:36:12,044 - WARNING - Performance test context 63: Performance test error 63\n2025-07-28 17:36:12,044 - WARNING - Performance test context 64: Performance test error 64\n2025-07-28 17:36:12,044 - WARNING - Performance test context 65: Performance test error 65\n2025-07-28 17:36:12,044 - WARNING - Performance test context 66: Performance test error 66\n2025-07-28 17:36:12,044 - WARNING - Performance test context 67: Performance test error 67\n2025-07-28 17:36:12,045 - WARNING - Performance test context 68: Performance test error 68\n2025-07-28 17:36:12,045 - WARNING - Performance test context 69: Performance test error 69\n2025-07-28 17:36:12,045 - WARNING - Performance test context 70: Performance test error 70\n2025-07-28 17:36:12,045 - WARNING - Performance test context 71: Performance test error 71\n2025-07-28 17:36:12,045 - WARNING - Performance test context 72: Performance test error 72\n2025-07-28 17:36:12,045 - WARNING - Performance test context 73: Performance test error 73\n2025-07-28 17:36:12,045 - WARNING - Performance test context 74: Performance test error 74\n2025-07-28 17:36:12,045 - WARNING - Performance test context 75: Performance test error 75\n2025-07-28 17:36:12,045 - WARNING - Performance test context 76: Performance test error 76\n2025-07-28 17:36:12,045 - WARNING - Performance test context 77: Performance test error 77\n2025-07-28 17:36:12,045 - WARNING - Performance test context 78: Performance test error 78\n2025-07-28 17:36:12,045 - WARNING - Performance test context 79: Performance test error 79\n2025-07-28 17:36:12,046 - WARNING - Performance test context 80: Performance test error 80\n2025-07-28 17:36:12,046 - WARNING - Performance test context 81: Performance test error 81\n2025-07-28 17:36:12,046 - WARNING - Performance test context 82: Performance test error 82\n2025-07-28 17:36:12,046 - WARNING - Performance test context 83: Performance test error 83\n2025-07-28 17:36:12,046 - WARNING - Performance test context 84: Performance test error 84\n2025-07-28 17:36:12,046 - WARNING - Performance test context 85: Performance test error 85\n2025-07-28 17:36:12,046 - WARNING - Performance test context 86: Performance test error 86\n2025-07-28 17:36:12,046 - WARNING - Performance test context 87: Performance test error 87\n2025-07-28 17:36:12,046 - WARNING - Performance test context 88: Performance test error 88\n2025-07-28 17:36:12,046 - WARNING - Performance test context 89: Performance test error 89\n2025-07-28 17:36:12,046 - WARNING - Performance test context 90: Performance test error 90\n2025-07-28 17:36:12,047 - WARNING - Performance test context 91: Performance test error 91\n2025-07-28 17:36:12,047 - WARNING - Performance test context 92: Performance test error 92\n2025-07-28 17:36:12,047 - WARNING - Performance test context 93: Performance test error 93\n2025-07-28 17:36:12,047 - WARNING - Performance test context 94: Performance test error 94\n2025-07-28 17:36:12,047 - WARNING - Performance test context 95: Performance test error 95\n2025-07-28 17:36:12,047 - WARNING - Performance test context 96: Performance test error 96\n2025-07-28 17:36:12,047 - WARNING - Performance test context 97: Performance test error 97\n2025-07-28 17:36:12,047 - WARNING - Performance test context 98: Performance test error 98\n2025-07-28 17:36:12,047 - WARNING - Performance test context 99: Performance test error 99\n2025-07-28 17:36:12,047 - WARNING - Performance test context 100: Performance test error 100\n2025-07-28 17:36:12,047 - WARNING - Performance test context 101: Performance test error 101\n2025-07-28 17:36:12,048 - WARNING - Performance test context 102: Performance test error 102\n2025-07-28 17:36:12,048 - WARNING - Performance test context 103: Performance test error 103\n2025-07-28 17:36:12,048 - WARNING - Performance test context 104: Performance test error 104\n2025-07-28 17:36:12,048 - WARNING - Performance test context 105: Performance test error 105\n2025-07-28 17:36:12,048 - WARNING - Performance test context 106: Performance test error 106\n2025-07-28 17:36:12,048 - WARNING - Performance test context 107: Performance test error 107\n2025-07-28 17:36:12,048 - WARNING - Performance test context 108: Performance test error 108\n2025-07-28 17:36:12,048 - WARNING - Performance test context 109: Performance test error 109\n2025-07-28 17:36:12,048 - WARNING - Performance test context 110: Performance test error 110\n2025-07-28 17:36:12,048 - WARNING - Performance test context 111: Performance test error 111\n2025-07-28 17:36:12,048 - WARNING - Performance test context 112: Performance test error 112\n2025-07-28 17:36:12,048 - WARNING - Performance test context 113: Performance test error 113\n2025-07-28 17:36:12,049 - WARNING - Performance test context 114: Performance test error 114\n2025-07-28 17:36:12,049 - WARNING - Performance test context 115: Performance test error 115\n2025-07-28 17:36:12,049 - WARNING - Performance test context 116: Performance test error 116\n2025-07-28 17:36:12,049 - WARNING - Performance test context 117: Performance test error 117\n2025-07-28 17:36:12,049 - WARNING - Performance test context 118: Performance test error 118\n2025-07-28 17:36:12,049 - WARNING - Performance test context 119: Performance test error 119\n2025-07-28 17:36:12,049 - WARNING - Performance test context 120: Performance test error 120\n2025-07-28 17:36:12,049 - WARNING - Performance test context 121: Performance test error 121\n2025-07-28 17:36:12,049 - WARNING - Performance test context 122: Performance test error 122\n2025-07-28 17:36:12,049 - WARNING - Performance test context 123: Performance test error 123\n2025-07-28 17:36:12,049 - WARNING - Performance test context 124: Performance test error 124\n2025-07-28 17:36:12,050 - WARNING - Performance test context 125: Performance test error 125\n2025-07-28 17:36:12,050 - WARNING - Performance test context 126: Performance test error 126\n2025-07-28 17:36:12,050 - WARNING - Performance test context 127: Performance test error 127\n2025-07-28 17:36:12,050 - WARNING - Performance test context 128: Performance test error 128\n2025-07-28 17:36:12,050 - WARNING - Performance test context 129: Performance test error 129\n2025-07-28 17:36:12,050 - WARNING - Performance test context 130: Performance test error 130\n2025-07-28 17:36:12,050 - WARNING - Performance test context 131: Performance test error 131\n2025-07-28 17:36:12,050 - WARNING - Performance test context 132: Performance test error 132\n2025-07-28 17:36:12,050 - WARNING - Performance test context 133: Performance test error 133\n2025-07-28 17:36:12,050 - WARNING - Performance test context 134: Performance test error 134\n2025-07-28 17:36:12,050 - WARNING - Performance test context 135: Performance test error 135\n2025-07-28 17:36:12,051 - WARNING - Performance test context 136: Performance test error 136\n2025-07-28 17:36:12,051 - WARNING - Performance test context 137: Performance test error 137\n2025-07-28 17:36:12,051 - WARNING - Performance test context 138: Performance test error 138\n2025-07-28 17:36:12,051 - WARNING - Performance test context 139: Performance test error 139\n2025-07-28 17:36:12,051 - WARNING - Performance test context 140: Performance test error 140\n2025-07-28 17:36:12,051 - WARNING - Performance test context 141: Performance test error 141\n2025-07-28 17:36:12,051 - WARNING - Performance test context 142: Performance test error 142\n2025-07-28 17:36:12,051 - WARNING - Performance test context 143: Performance test error 143\n2025-07-28 17:36:12,051 - WARNING - Performance test context 144: Performance test error 144\n2025-07-28 17:36:12,051 - WARNING - Performance test context 145: Performance test error 145\n2025-07-28 17:36:12,051 - WARNING - Performance test context 146: Performance test error 146\n2025-07-28 17:36:12,052 - WARNING - Performance test context 147: Performance test error 147\n2025-07-28 17:36:12,052 - WARNING - Performance test context 148: Performance test error 148\n2025-07-28 17:36:12,052 - WARNING - Performance test context 149: Performance test error 149\n2025-07-28 17:36:12,052 - WARNING - Performance test context 150: Performance test error 150\n2025-07-28 17:36:12,052 - WARNING - Performance test context 151: Performance test error 151\n2025-07-28 17:36:12,052 - WARNING - Performance test context 152: Performance test error 152\n2025-07-28 17:36:12,052 - WARNING - Performance test context 153: Performance test error 153\n2025-07-28 17:36:12,052 - WARNING - Performance test context 154: Performance test error 154\n2025-07-28 17:36:12,052 - WARNING - Performance test context 155: Performance test error 155\n2025-07-28 17:36:12,052 - WARNING - Performance test context 156: Performance test error 156\n2025-07-28 17:36:12,052 - WARNING - Performance test context 157: Performance test error 157\n2025-07-28 17:36:12,052 - WARNING - Performance test context 158: Performance test error 158\n2025-07-28 17:36:12,053 - WARNING - Performance test context 159: Performance test error 159\n2025-07-28 17:36:12,053 - WARNING - Performance test context 160: Performance test error 160\n2025-07-28 17:36:12,053 - WARNING - Performance test context 161: Performance test error 161\n2025-07-28 17:36:12,053 - WARNING - Performance test context 162: Performance test error 162\n2025-07-28 17:36:12,053 - WARNING - Performance test context 163: Performance test error 163\n2025-07-28 17:36:12,053 - WARNING - Performance test context 164: Performance test error 164\n2025-07-28 17:36:12,053 - WARNING - Performance test context 165: Performance test error 165\n2025-07-28 17:36:12,053 - WARNING - Performance test context 166: Performance test error 166\n2025-07-28 17:36:12,053 - WARNING - Performance test context 167: Performance test error 167\n2025-07-28 17:36:12,053 - WARNING - Performance test context 168: Performance test error 168\n2025-07-28 17:36:12,053 - WARNING - Performance test context 169: Performance test error 169\n2025-07-28 17:36:12,054 - WARNING - Performance test context 170: Performance test error 170\n2025-07-28 17:36:12,054 - WARNING - Performance test context 171: Performance test error 171\n2025-07-28 17:36:12,054 - WARNING - Performance test context 172: Performance test error 172\n2025-07-28 17:36:12,054 - WARNING - Performance test context 173: Performance test error 173\n2025-07-28 17:36:12,054 - WARNING - Performance test context 174: Performance test error 174\n2025-07-28 17:36:12,054 - WARNING - Performance test context 175: Performance test error 175\n2025-07-28 17:36:12,054 - WARNING - Performance test context 176: Performance test error 176\n2025-07-28 17:36:12,054 - WARNING - Performance test context 177: Performance test error 177\n2025-07-28 17:36:12,054 - WARNING - Performance test context 178: Performance test error 178\n2025-07-28 17:36:12,054 - WARNING - Performance test context 179: Performance test error 179\n2025-07-28 17:36:12,054 - WARNING - Performance test context 180: Performance test error 180\n2025-07-28 17:36:12,055 - WARNING - Performance test context 181: Performance test error 181\n2025-07-28 17:36:12,055 - WARNING - Performance test context 182: Performance test error 182\n2025-07-28 17:36:12,055 - WARNING - Performance test context 183: Performance test error 183\n2025-07-28 17:36:12,055 - WARNING - Performance test context 184: Performance test error 184\n2025-07-28 17:36:12,055 - WARNING - Performance test context 185: Performance test error 185\n2025-07-28 17:36:12,055 - WARNING - Performance test context 186: Performance test error 186\n2025-07-28 17:36:12,055 - WARNING - Performance test context 187: Performance test error 187\n2025-07-28 17:36:12,055 - WARNING - Performance test context 188: Performance test error 188\n2025-07-28 17:36:12,055 - WARNING - Performance test context 189: Performance test error 189\n2025-07-28 17:36:12,055 - WARNING - Performance test context 190: Performance test error 190\n2025-07-28 17:36:12,055 - WARNING - Performance test context 191: Performance test error 191\n2025-07-28 17:36:12,055 - WARNING - Performance test context 192: Performance test error 192\n2025-07-28 17:36:12,056 - WARNING - Performance test context 193: Performance test error 193\n2025-07-28 17:36:12,056 - WARNING - Performance test context 194: Performance test error 194\n2025-07-28 17:36:12,056 - WARNING - Performance test context 195: Performance test error 195\n2025-07-28 17:36:12,056 - WARNING - Performance test context 196: Performance test error 196\n2025-07-28 17:36:12,056 - WARNING - Performance test context 197: Performance test error 197\n2025-07-28 17:36:12,056 - WARNING - Performance test context 198: Performance test error 198\n2025-07-28 17:36:12,056 - WARNING - Performance test context 199: Performance test error 199\nok\ntest_safe_execute_performance (__main__.TestErrorHandlingPerformance.test_safe_execute_performance)\nTest safe_execute decorator performance ... 2025-07-28 17:36:12,057 - ERROR - performance_test: Test error\n2025-07-28 17:36:12,057 - ERROR - performance_test: Test error\n2025-07-28 17:36:12,057 - ERROR - performance_test: Test error\n2025-07-28 17:36:12,058 - ERROR - performance_test: Test error\n2025-07-28 17:36:12,058 - ERROR - performance_test: Test error\n2025-07-28 17:36:12,058 - ERROR - performance_test: Test error\n2025-07-28 17:36:12,058 - ERROR - performance_test: Test error\n2025-07-28 17:36:12,059 - ERROR - performance_test: Test error\n2025-07-28 17:36:12,059 - ERROR - performance_test: Test error\n2025-07-28 17:36:12,059 - ERROR - performance_test: Test error\n2025-07-28 17:36:12,059 - ERROR - performance_test: Test error\n2025-07-28 17:36:12,059 - ERROR - performance_test: Test error\n2025-07-28 17:36:12,060 - ERROR - performance_test: Test error\n2025-07-28 17:36:12,060 - ERROR - performance_test: Test error\n2025-07-28 17:36:12,060 - ERROR - performance_test: Test error\n2025-07-28 17:36:12,060 - ERROR - performance_test: Test error\n2025-07-28 17:36:12,060 - ERROR - performance_test: Test error\n2025-07-28 17:36:12,061 - ERROR - performance_test: Test error\n2025-07-28 17:36:12,061 - ERROR - performance_test: Test error\n2025-07-28 17:36:12,061 - ERROR - performance_test: Test error\n2025-07-28 17:36:12,061 - ERROR - performance_test: Test error\n2025-07-28 17:36:12,061 - ERROR - performance_test: Test error\n2025-07-28 17:36:12,062 - ERROR - performance_test: Test error\n2025-07-28 17:36:12,062 - ERROR - performance_test: Test error\n2025-07-28 17:36:12,062 - ERROR - performance_test: Test error\n2025-07-28 17:36:12,062 - ERROR - performance_test: Test error\n2025-07-28 17:36:12,062 - ERROR - performance_test: Test error\n2025-07-28 17:36:12,063 - ERROR - performance_test: Test error\n2025-07-28 17:36:12,063 - ERROR - performance_test: Test error\n2025-07-28 17:36:12,063 - ERROR - performance_test: Test error\n2025-07-28 17:36:12,063 - ERROR - performance_test: Test error\n2025-07-28 17:36:12,063 - ERROR - performance_test: Test error\n2025-07-28 17:36:12,064 - ERROR - performance_test: Test error\n2025-07-28 17:36:12,064 - ERROR - performance_test: Test error\n2025-07-28 17:36:12,064 - ERROR - performance_test: Test error\n2025-07-28 17:36:12,064 - ERROR - performance_test: Test error\n2025-07-28 17:36:12,064 - ERROR - performance_test: Test error\n2025-07-28 17:36:12,065 - ERROR - performance_test: Test error\n2025-07-28 17:36:12,065 - ERROR - performance_test: Test error\n2025-07-28 17:36:12,065 - ERROR - performance_test: Test error\n2025-07-28 17:36:12,065 - ERROR - performance_test: Test error\n2025-07-28 17:36:12,065 - ERROR - performance_test: Test error\n2025-07-28 17:36:12,066 - ERROR - performance_test: Test error\n2025-07-28 17:36:12,066 - ERROR - performance_test: Test error\n2025-07-28 17:36:12,066 - ERROR - performance_test: Test error\n2025-07-28 17:36:12,066 - ERROR - performance_test: Test error\n2025-07-28 17:36:12,066 - ERROR - performance_test: Test error\n2025-07-28 17:36:12,067 - ERROR - performance_test: Test error\n2025-07-28 17:36:12,067 - ERROR - performance_test: Test error\n2025-07-28 17:36:12,067 - ERROR - performance_test: Test error\n2025-07-28 17:36:12,067 - ERROR - performance_test: Test error\n2025-07-28 17:36:12,067 - ERROR - performance_test: Test error\n2025-07-28 17:36:12,068 - ERROR - performance_test: Test error\n2025-07-28 17:36:12,068 - ERROR - performance_test: Test error\n2025-07-28 17:36:12,068 - ERROR - performance_test: Test error\n2025-07-28 17:36:12,068 - ERROR - performance_test: Test error\n2025-07-28 17:36:12,068 - ERROR - performance_test: Test error\n2025-07-28 17:36:12,069 - ERROR - performance_test: Test error\n2025-07-28 17:36:12,069 - ERROR - performance_test: Test error\n2025-07-28 17:36:12,069 - ERROR - performance_test: Test error\n2025-07-28 17:36:12,069 - ERROR - performance_test: Test error\n2025-07-28 17:36:12,069 - ERROR - performance_test: Test error\n2025-07-28 17:36:12,070 - ERROR - performance_test: Test error\n2025-07-28 17:36:12,070 - ERROR - performance_test: Test error\n2025-07-28 17:36:12,070 - ERROR - performance_test: Test error\n2025-07-28 17:36:12,070 - ERROR - performance_test: Test error\n2025-07-28 17:36:12,070 - ERROR - performance_test: Test error\n2025-07-28 17:36:12,071 - ERROR - performance_test: Test error\n2025-07-28 17:36:12,071 - ERROR - performance_test: Test error\n2025-07-28 17:36:12,071 - ERROR - performance_test: Test error\n2025-07-28 17:36:12,071 - ERROR - performance_test: Test error\n2025-07-28 17:36:12,071 - ERROR - performance_test: Test error\n2025-07-28 17:36:12,072 - ERROR - performance_test: Test error\n2025-07-28 17:36:12,072 - ERROR - performance_test: Test error\n2025-07-28 17:36:12,072 - ERROR - performance_test: Test error\n2025-07-28 17:36:12,072 - ERROR - performance_test: Test error\n2025-07-28 17:36:12,072 - ERROR - performance_test: Test error\n2025-07-28 17:36:12,073 - ERROR - performance_test: Test error\n2025-07-28 17:36:12,073 - ERROR - performance_test: Test error\n2025-07-28 17:36:12,073 - ERROR - performance_test: Test error\n2025-07-28 17:36:12,073 - ERROR - performance_test: Test error\n2025-07-28 17:36:12,073 - ERROR - performance_test: Test error\n2025-07-28 17:36:12,074 - ERROR - performance_test: Test error\n2025-07-28 17:36:12,074 - ERROR - performance_test: Test error\n2025-07-28 17:36:12,074 - ERROR - performance_test: Test error\n2025-07-28 17:36:12,074 - ERROR - performance_test: Test error\n2025-07-28 17:36:12,074 - ERROR - performance_test: Test error\n2025-07-28 17:36:12,075 - ERROR - performance_test: Test error\n2025-07-28 17:36:12,075 - ERROR - performance_test: Test error\n2025-07-28 17:36:12,075 - ERROR - performance_test: Test error\n2025-07-28 17:36:12,075 - ERROR - performance_test: Test error\n2025-07-28 17:36:12,075 - ERROR - performance_test: Test error\n2025-07-28 17:36:12,076 - ERROR - performance_test: Test error\n2025-07-28 17:36:12,076 - ERROR - performance_test: Test error\n2025-07-28 17:36:12,076 - ERROR - performance_test: Test error\n2025-07-28 17:36:12,076 - ERROR - performance_test: Test error\n2025-07-28 17:36:12,076 - ERROR - performance_test: Test error\n2025-07-28 17:36:12,077 - ERROR - performance_test: Test error\n2025-07-28 17:36:12,077 - ERROR - performance_test: Test error\n2025-07-28 17:36:12,077 - ERROR - performance_test: Test error\nok\ntest_complete_workflow_performance (__main__.TestSystemPerformance.test_complete_workflow_performance)\nTest performance of complete user workflows ... ok\n\n----------------------------------------------------------------------\nRan 11 tests in 1.460s\n\nOK\n",
      "return_code": 0
    }
  ],
  "coverage": {
    "timestamp": "2025-07-28T17:36:12.120063",
    "source_files": 7,
    "test_files": 5,
    "coverage_summary": {
      "total_lines": 1161,
      "tested_functions": 0,
      "coverage_percentage": 75
    }
  },
  "error_analysis": {
    "total_errors": 410,
    "total_warnings": 803,
    "real_errors": 0,
    "test_errors": 410,
    "recent_real_errors": []
  },
  "summary": {
    "total_suites": 5,
    "passed_suites": 2,
    "failed_suites": 3,
    "total_tests": 50,
    "overall_success_rate": 100.0
  }
}